<?xml version="1.0" encoding="UTF-8"?>
<testng-results skipped="0" failed="0" ignored="0" total="3" passed="3">
  <reporter-output>
  </reporter-output>
  <suite name="Suite" duration-ms="130419" started-at="2019-10-01T06:08:32Z" finished-at="2019-10-01T06:10:42Z">
    <groups>
    </groups>
    <test name="Test" duration-ms="130419" started-at="2019-10-01T06:08:32Z" finished-at="2019-10-01T06:10:42Z">
      <class name="codoingRound.Tests">
        <test-method status="PASS" signature="initialization()[pri:0, instance:codoingRound.Tests@5b275dab]" name="initialization" is-config="true" duration-ms="26521" started-at="2019-10-01T11:38:32Z" finished-at="2019-10-01T11:38:58Z">
          <reporter-output>
          </reporter-output>
        </test-method> <!-- initialization -->
        <test-method status="PASS" signature="testFlightJourney()[pri:0, instance:codoingRound.Tests@5b275dab]" name="testFlightJourney" duration-ms="28633" started-at="2019-10-01T11:38:58Z" finished-at="2019-10-01T11:39:27Z">
          <reporter-output>
          </reporter-output>
        </test-method> <!-- testFlightJourney -->
        <test-method status="PASS" signature="closeBrowser()[pri:0, instance:codoingRound.Tests@5b275dab]" name="closeBrowser" is-config="true" duration-ms="841" started-at="2019-10-01T11:39:27Z" finished-at="2019-10-01T11:39:28Z">
          <reporter-output>
          </reporter-output>
        </test-method> <!-- closeBrowser -->
        <test-method status="PASS" signature="initialization()[pri:0, instance:codoingRound.Tests@5b275dab]" name="initialization" is-config="true" duration-ms="8557" started-at="2019-10-01T11:39:28Z" finished-at="2019-10-01T11:39:36Z">
          <reporter-output>
          </reporter-output>
        </test-method> <!-- initialization -->
        <test-method status="PASS" signature="searchForHotels()[pri:1, instance:codoingRound.Tests@5b275dab]" name="searchForHotels" duration-ms="40867" started-at="2019-10-01T11:39:36Z" finished-at="2019-10-01T11:40:17Z">
          <reporter-output>
          </reporter-output>
        </test-method> <!-- searchForHotels -->
        <test-method status="PASS" signature="closeBrowser()[pri:0, instance:codoingRound.Tests@5b275dab]" name="closeBrowser" is-config="true" duration-ms="1238" started-at="2019-10-01T11:40:17Z" finished-at="2019-10-01T11:40:18Z">
          <reporter-output>
          </reporter-output>
        </test-method> <!-- closeBrowser -->
        <test-method status="PASS" signature="initialization()[pri:0, instance:codoingRound.Tests@5b275dab]" name="initialization" is-config="true" duration-ms="9383" started-at="2019-10-01T11:40:18Z" finished-at="2019-10-01T11:40:28Z">
          <reporter-output>
          </reporter-output>
        </test-method> <!-- initialization -->
        <test-method status="PASS" signature="shouldThrowAnErrorIfSignInDetailsAreMissing(java.lang.String)[pri:2, instance:codoingRound.Tests@5b275dab]" name="shouldThrowAnErrorIfSignInDetailsAreMissing" duration-ms="13262" started-at="2019-10-01T11:40:28Z" finished-at="2019-10-01T11:40:41Z">
          <params>
            <param index="0">
              <value>
                <![CDATA[modal_window]]>
              </value>
            </param>
          </params>
          <reporter-output>
          </reporter-output>
        </test-method> <!-- shouldThrowAnErrorIfSignInDetailsAreMissing -->
        <test-method status="PASS" signature="closeBrowser()[pri:0, instance:codoingRound.Tests@5b275dab]" name="closeBrowser" is-config="true" duration-ms="1069" started-at="2019-10-01T11:40:41Z" finished-at="2019-10-01T11:40:42Z">
          <reporter-output>
          </reporter-output>
        </test-method> <!-- closeBrowser -->
      </class> <!-- codoingRound.Tests -->
    </test> <!-- Test -->
  </suite> <!-- Suite -->
</testng-results>
