<?xml version="1.0" encoding="UTF-8"?>
<!-- Generated by org.testng.reporters.JUnitXMLReporter -->
<testsuite hostname="BDC6-DX-84FNX52" ignored="0" name="Test" tests="3" failures="0" timestamp="01 Oct 2019 06:10:43 GMT" time="130.419" errors="0">
  <testcase name="testFlightJourney" time="28.633" classname="codoingRound.Tests"/>
  <testcase name="searchForHotels" time="40.867" classname="codoingRound.Tests"/>
  <testcase name="shouldThrowAnErrorIfSignInDetailsAreMissing" time="13.262" classname="codoingRound.Tests"/>
</testsuite> <!-- Test -->
